This is TeX, Version 3.14159265 (TeX Live 2019) (preloaded format=tex 2019.5.8)  1 FEB 2021 01:14
**mqsi20
(./mqsi20.tex
(/usr/local/texlive/2019/texmf-dist/tex/generic/dvips/colordvi.tex)
\bbfam=\fam8

(/usr/local/texlive/2019/texmf-dist/tex/generic/epsf/epsf.tex
This is `epsf.tex' v2.7.4 <14 February 2011>
\epsffilein=\read0
\epsfframemargin=\dimen16
\epsfframethickness=\dimen17
\epsfrsize=\dimen18
\epsftmp=\dimen19
\epsftsize=\dimen20
\epsfxsize=\dimen21
\epsfysize=\dimen22
\pspoints=\dimen23
)
\headdigit=\dimen24
 (./1-introduction.tex [1] [2]) (./2-monotone-quintic.tex [3] [4] [5] [6]
[7]) (./3-spline-rep.tex) (./4-analysis.tex
(vis/1-sensitivity.eps
)
) (./5-applications.tex [8]
(vis/2-piecewise-polynomial.eps
)
(vis/3-large-tangent.eps
)
(vis/4-signal-decay.eps
)
(vis/5-real-data.eps
)
(vis/6-random-monotone.eps
)
) [9] [10] [11] [12] )
Output written on mqsi20.dvi (12 pages, 48580 bytes).
